<?xml version="1.0" encoding="UTF-8"?>
<testsuite xmlns:xsi="http://www.w3.org/2001/XMLSchema-instance" xsi:noNamespaceSchemaLocation="https://maven.apache.org/surefire/maven-surefire-plugin/xsd/surefire-test-report.xsd" version="3.0.2" name="com.example.demo.service.BookServiceTest" time="0.019" tests="12" errors="0" skipped="0" failures="0">
  <properties>
[...]
</properties>
  <testcase name="testGetPublishedBooks" classname="Tests du Service Book" time="0.002"/>
  <testcase name="testGetBookByTitle" classname="Tests du Service Book" time="0.002"/>
  <testcase name="testGetAllBooks" classname="Tests du Service Book" time="0.001"/>
  <testcase name="testUpdateBook" classname="Tests du Service Book" time="0.001"/>
  <testcase name="testGetBookByIsbn" classname="Tests du Service Book" time="0.001"/>
  <testcase name="testGetBookById" classname="Tests du Service Book" time="0.001"/>
  <testcase name="testGetBooksByTitleContaining" classname="Tests du Service Book" time="0.001"/>
  <testcase name="testCreateBook" classname="Tests du Service Book" time="0.001"/>
  <testcase name="testDeleteBook" classname="Tests du Service Book" time="0.001"/>
  <testcase name="testUpdateBook_NotFound" classname="Tests du Service Book" time="0.001"/>
  <testcase name="testGetBooksByPublicationDateBetween" classname="Tests du Service Book" time="0.001"/>
  <testcase name="testGetBookById_NotFound" classname="Tests du Service Book" time="0.001"/>
</testsuite>